<?xml version="1.0" encoding="UTF-8"?>
<!-- Generated by org.testng.reporters.JUnitReportReporter -->
<testsuite skipped="0" hostname="moe" name="se.tornroth.airdc.AirDCResourceTest" tests="4" failures="0" timestamp="30 Jul 2018 21:15:42 GMT" time="0.017" errors="0">
  <testcase name="requestIsMultipleEpisode" time="0.002" classname="se.tornroth.airdc.AirDCResourceTest"/>
  <testcase name="requestIsSingleEpisode" time="0.001" classname="se.tornroth.airdc.AirDCResourceTest"/>
  <testcase name="getSingleEpisodeDownload" time="0.002" classname="se.tornroth.airdc.AirDCResourceTest"/>
  <testcase name="getMultipleEpisodeDownload" time="0.012" classname="se.tornroth.airdc.AirDCResourceTest"/>
</testsuite> <!-- se.tornroth.airdc.AirDCResourceTest -->
