<?xml version="1.0" encoding="UTF-8"?>
<!-- Generated by org.testng.reporters.JUnitReportReporter -->
<testsuite hostname="homer" failures="0" tests="1" name="se.tornroth.airdc.AirDCResourceTest" time="0.012" errors="0" timestamp="30 juli 2018 18:11:21 GMT" skipped="0">
  <testcase classname="se.tornroth.airdc.AirDCResourceTest" name="getSeriesDownload" time="0.012"/>
</testsuite> <!-- se.tornroth.airdc.AirDCResourceTest -->
